# JRE version: OpenJDK Runtime Environment (8.0_152-b06) (build 1.8.0_152-release-1136-b06)
# Java VM: OpenJDK 64-Bit Server VM (25.152-b06 mixed mode windows-amd64 compressed oops)
Heap:
 PSYoungGen      total 304128K, used 218702K [0x00000000e0000000, 0x00000000f8a80000, 0x0000000100000000)
  eden space 275456K, 75% used [0x00000000e0000000,0x00000000eca492c8,0x00000000f0d00000)
  from space 28672K, 40% used [0x00000000f0d00000,0x00000000f184a840,0x00000000f2900000)
  to   space 27136K, 0% used [0x00000000f7000000,0x00000000f7000000,0x00000000f8a80000)
 ParOldGen       total 86528K, used 48441K [0x00000000a0000000, 0x00000000a5480000, 0x00000000e0000000)
  object space 86528K, 55% used [0x00000000a0000000,0x00000000a2f4e698,0x00000000a5480000)
 Metaspace       used 85548K, capacity 89638K, committed 89816K, reserved 1128448K
  class space    used 10884K, capacity 11662K, committed 11776K, reserved 1048576K
GC Heap History (10 events):
Event: 319.765 GC heap before
{Heap before GC invocations=20 (full 3):
 PSYoungGen      total 254976K, used 245925K [0x00000000e0000000, 0x00000000f0d00000, 0x0000000100000000)
  eden space 234496K, 99% used [0x00000000e0000000,0x00000000ee494c08,0x00000000ee500000)
  from space 20480K, 57% used [0x00000000ef900000,0x00000000f0494860,0x00000000f0d00000)
  to   space 20480K, 0% used [0x00000000ee500000,0x00000000ee500000,0x00000000ef900000)
 ParOldGen       total 86528K, used 44589K [0x00000000a0000000, 0x00000000a5480000, 0x00000000e0000000)
  object space 86528K, 51% used [0x00000000a0000000,0x00000000a2b8b4e0,0x00000000a5480000)
 Metaspace       used 82209K, capacity 85856K, committed 86104K, reserved 1124352K
  class space    used 10632K, capacity 11325K, committed 11392K, reserved 1048576K
Event: 320.031 GC heap after
Heap after GC invocations=20 (full 3):
 PSYoungGen      total 254976K, used 20477K [0x00000000e0000000, 0x00000000f2c80000, 0x0000000100000000)
  eden space 234496K, 0% used [0x00000000e0000000,0x00000000e0000000,0x00000000ee500000)
  from space 20480K, 99% used [0x00000000ee500000,0x00000000ef8ff4e0,0x00000000ef900000)
  to   space 24576K, 0% used [0x00000000f1480000,0x00000000f1480000,0x00000000f2c80000)
 ParOldGen       total 86528K, used 46933K [0x00000000a0000000, 0x00000000a5480000, 0x00000000e0000000)
  object space 86528K, 54% used [0x00000000a0000000,0x00000000a2dd5610,0x00000000a5480000)
 Metaspace       used 82209K, capacity 85856K, committed 86104K, reserved 1124352K
  class space    used 10632K, capacity 11325K, committed 11392K, reserved 1048576K
}
Event: 327.667 GC heap before
{Heap before GC invocations=21 (full 3):
 PSYoungGen      total 254976K, used 254973K [0x00000000e0000000, 0x00000000f2c80000, 0x0000000100000000)
  eden space 234496K, 100% used [0x00000000e0000000,0x00000000ee500000,0x00000000ee500000)
  from space 20480K, 99% used [0x00000000ee500000,0x00000000ef8ff4e0,0x00000000ef900000)
  to   space 24576K, 0% used [0x00000000f1480000,0x00000000f1480000,0x00000000f2c80000)
 ParOldGen       total 86528K, used 46933K [0x00000000a0000000, 0x00000000a5480000, 0x00000000e0000000)
  object space 86528K, 54% used [0x00000000a0000000,0x00000000a2dd5610,0x00000000a5480000)
 Metaspace       used 83963K, capacity 87738K, committed 88024K, reserved 1126400K
  class space    used 10752K, capacity 11480K, committed 11520K, reserved 1048576K
Event: 327.700 GC heap after
Heap after GC invocations=21 (full 3):
 PSYoungGen      total 280576K, used 20554K [0x00000000e0000000, 0x00000000f2f80000, 0x0000000100000000)
  eden space 256000K, 0% used [0x00000000e0000000,0x00000000e0000000,0x00000000efa00000)
  from space 24576K, 83% used [0x00000000f1480000,0x00000000f2892bb8,0x00000000f2c80000)
  to   space 27136K, 0% used [0x00000000efa00000,0x00000000efa00000,0x00000000f1480000)
 ParOldGen       total 86528K, used 48425K [0x00000000a0000000, 0x00000000a5480000, 0x00000000e0000000)
  object space 86528K, 55% used [0x00000000a0000000,0x00000000a2f4a698,0x00000000a5480000)
 Metaspace       used 83963K, capacity 87738K, committed 88024K, reserved 1126400K
  class space    used 10752K, capacity 11480K, committed 11520K, reserved 1048576K
}
Event: 330.488 GC heap before
{Heap before GC invocations=22 (full 3):
 PSYoungGen      total 280576K, used 276166K [0x00000000e0000000, 0x00000000f2f80000, 0x0000000100000000)
  eden space 256000K, 99% used [0x00000000e0000000,0x00000000ef99ece8,0x00000000efa00000)
  from space 24576K, 83% used [0x00000000f1480000,0x00000000f2892bb8,0x00000000f2c80000)
  to   space 27136K, 0% used [0x00000000efa00000,0x00000000efa00000,0x00000000f1480000)
 ParOldGen       total 86528K, used 48425K [0x00000000a0000000, 0x00000000a5480000, 0x00000000e0000000)
  object space 86528K, 55% used [0x00000000a0000000,0x00000000a2f4a698,0x00000000a5480000)
 Metaspace       used 84739K, capacity 88690K, committed 88920K, reserved 1126400K
  class space    used 10829K, capacity 11600K, committed 11648K, reserved 1048576K
Event: 330.503 GC heap after
Heap after GC invocations=22 (full 3):
 PSYoungGen      total 283136K, used 10504K [0x00000000e0000000, 0x00000000f4200000, 0x0000000100000000)
  eden space 256000K, 0% used [0x00000000e0000000,0x00000000e0000000,0x00000000efa00000)
  from space 27136K, 38% used [0x00000000efa00000,0x00000000f0442128,0x00000000f1480000)
  to   space 25600K, 0% used [0x00000000f2900000,0x00000000f2900000,0x00000000f4200000)
 ParOldGen       total 86528K, used 48433K [0x00000000a0000000, 0x00000000a5480000, 0x00000000e0000000)
  object space 86528K, 55% used [0x00000000a0000000,0x00000000a2f4c698,0x00000000a5480000)
 Metaspace       used 84739K, capacity 88690K, committed 88920K, reserved 1126400K
  class space    used 10829K, capacity 11600K, committed 11648K, reserved 1048576K
}
Event: 331.067 GC heap before
{Heap before GC invocations=23 (full 3):
 PSYoungGen      total 283136K, used 265487K [0x00000000e0000000, 0x00000000f4200000, 0x0000000100000000)
  eden space 256000K, 99% used [0x00000000e0000000,0x00000000ef901c10,0x00000000efa00000)
  from space 27136K, 38% used [0x00000000efa00000,0x00000000f0442128,0x00000000f1480000)
  to   space 25600K, 0% used [0x00000000f2900000,0x00000000f2900000,0x00000000f4200000)
 ParOldGen       total 86528K, used 48433K [0x00000000a0000000, 0x00000000a5480000, 0x00000000e0000000)
  object space 86528K, 55% used [0x00000000a0000000,0x00000000a2f4c698,0x00000000a5480000)
 Metaspace       used 84912K, capacity 88888K, committed 89176K, reserved 1126400K
  class space    used 10848K, capacity 11613K, committed 11648K, reserved 1048576K
Event: 331.094 GC heap after
Heap after GC invocations=23 (full 3):
 PSYoungGen      total 301056K, used 23217K [0x00000000e0000000, 0x00000000f5a00000, 0x0000000100000000)
  eden space 275456K, 0% used [0x00000000e0000000,0x00000000e0000000,0x00000000f0d00000)
  from space 25600K, 90% used [0x00000000f2900000,0x00000000f3fac7e8,0x00000000f4200000)
  to   space 28672K, 0% used [0x00000000f0d00000,0x00000000f0d00000,0x00000000f2900000)
 ParOldGen       total 86528K, used 48441K [0x00000000a0000000, 0x00000000a5480000, 0x00000000e0000000)
  object space 86528K, 55% used [0x00000000a0000000,0x00000000a2f4e698,0x00000000a5480000)
 Metaspace       used 84912K, capacity 88888K, committed 89176K, reserved 1126400K
  class space    used 10848K, capacity 11613K, committed 11648K, reserved 1048576K
}
Event: 331.197 GC heap before
{Heap before GC invocations=24 (full 3):
 PSYoungGen      total 301056K, used 298515K [0x00000000e0000000, 0x00000000f5a00000, 0x0000000100000000)
  eden space 275456K, 99% used [0x00000000e0000000,0x00000000f0cd87d0,0x00000000f0d00000)
  from space 25600K, 90% used [0x00000000f2900000,0x00000000f3fac7e8,0x00000000f4200000)
  to   space 28672K, 0% used [0x00000000f0d00000,0x00000000f0d00000,0x00000000f2900000)
 ParOldGen       total 86528K, used 48441K [0x00000000a0000000, 0x00000000a5480000, 0x00000000e0000000)
  object space 86528K, 55% used [0x00000000a0000000,0x00000000a2f4e698,0x00000000a5480000)
 Metaspace       used 84933K, capacity 88888K, committed 89176K, reserved 1126400K
  class space    used 10848K, capacity 11613K, committed 11648K, reserved 1048576K
Event: 331.216 GC heap after
Heap after GC invocations=24 (full 3):
 PSYoungGen      total 304128K, used 11562K [0x00000000e0000000, 0x00000000f8a80000, 0x0000000100000000)
  eden space 275456K, 0% used [0x00000000e0000000,0x00000000e0000000,0x00000000f0d00000)
  from space 28672K, 40% used [0x00000000f0d00000,0x00000000f184a840,0x00000000f2900000)
  to   space 27136K, 0% used [0x00000000f7000000,0x00000000f7000000,0x00000000f8a80000)
 ParOldGen       total 86528K, used 48441K [0x00000000a0000000, 0x00000000a5480000, 0x00000000e0000000)
  object space 86528K, 55% used [0x00000000a0000000,0x00000000a2f4e698,0x00000000a5480000)
 Metaspace       used 84933K, capacity 88888K, committed 89176K, reserved 1126400K
  class space    used 10848K, capacity 11613K, committed 11648K, reserved 1048576K
}

