# JRE version: OpenJDK Runtime Environment (8.0_152-b06) (build 1.8.0_152-release-1136-b06)
# Java VM: OpenJDK 64-Bit Server VM (25.152-b06 mixed mode windows-amd64 compressed oops)
Heap:
 PSYoungGen      total 131072K, used 39424K [0x00000000e0000000, 0x00000000e9800000, 0x0000000100000000)
  eden space 122368K, 32% used [0x00000000e0000000,0x00000000e26803b0,0x00000000e7780000)
  from space 8704K, 0% used [0x00000000e7780000,0x00000000e7780000,0x00000000e8000000)
  to   space 11264K, 0% used [0x00000000e8d00000,0x00000000e8d00000,0x00000000e9800000)
 ParOldGen       total 60928K, used 19241K [0x00000000a0000000, 0x00000000a3b80000, 0x00000000e0000000)
  object space 60928K, 31% used [0x00000000a0000000,0x00000000a12ca640,0x00000000a3b80000)
 Metaspace       used 37020K, capacity 37720K, committed 38104K, reserved 1081344K
  class space    used 5076K, capacity 5296K, committed 5376K, reserved 1048576K
GC Heap History (10 events):
Event: 9.711 GC heap before
{Heap before GC invocations=7 (full 0):
 PSYoungGen      total 68608K, used 27947K [0x00000000e0000000, 0x00000000e4c00000, 0x0000000100000000)
  eden space 62464K, 34% used [0x00000000e0000000,0x00000000e1552990,0x00000000e3d00000)
  from space 6144K, 99% used [0x00000000e4400000,0x00000000e49f8420,0x00000000e4a00000)
  to   space 7168K, 0% used [0x00000000e3d00000,0x00000000e3d00000,0x00000000e4400000)
 ParOldGen       total 42496K, used 7775K [0x00000000a0000000, 0x00000000a2980000, 0x00000000e0000000)
  object space 42496K, 18% used [0x00000000a0000000,0x00000000a0797ed0,0x00000000a2980000)
 Metaspace       used 20669K, capacity 21160K, committed 21248K, reserved 1067008K
  class space    used 2882K, capacity 3044K, committed 3072K, reserved 1048576K
Event: 9.720 GC heap after
Heap after GC invocations=7 (full 0):
 PSYoungGen      total 69632K, used 6107K [0x00000000e0000000, 0x00000000e8900000, 0x0000000100000000)
  eden space 62464K, 0% used [0x00000000e0000000,0x00000000e0000000,0x00000000e3d00000)
  from space 7168K, 85% used [0x00000000e3d00000,0x00000000e42f6d90,0x00000000e4400000)
  to   space 7680K, 0% used [0x00000000e8180000,0x00000000e8180000,0x00000000e8900000)
 ParOldGen       total 42496K, used 8535K [0x00000000a0000000, 0x00000000a2980000, 0x00000000e0000000)
  object space 42496K, 20% used [0x00000000a0000000,0x00000000a0855f30,0x00000000a2980000)
 Metaspace       used 20669K, capacity 21160K, committed 21248K, reserved 1067008K
  class space    used 2882K, capacity 3044K, committed 3072K, reserved 1048576K
}
Event: 9.720 GC heap before
{Heap before GC invocations=8 (full 1):
 PSYoungGen      total 69632K, used 6107K [0x00000000e0000000, 0x00000000e8900000, 0x0000000100000000)
  eden space 62464K, 0% used [0x00000000e0000000,0x00000000e0000000,0x00000000e3d00000)
  from space 7168K, 85% used [0x00000000e3d00000,0x00000000e42f6d90,0x00000000e4400000)
  to   space 7680K, 0% used [0x00000000e8180000,0x00000000e8180000,0x00000000e8900000)
 ParOldGen       total 42496K, used 8535K [0x00000000a0000000, 0x00000000a2980000, 0x00000000e0000000)
  object space 42496K, 20% used [0x00000000a0000000,0x00000000a0855f30,0x00000000a2980000)
 Metaspace       used 20669K, capacity 21160K, committed 21248K, reserved 1067008K
  class space    used 2882K, capacity 3044K, committed 3072K, reserved 1048576K
Event: 9.808 GC heap after
Heap after GC invocations=8 (full 1):
 PSYoungGen      total 69632K, used 0K [0x00000000e0000000, 0x00000000e8900000, 0x0000000100000000)
  eden space 62464K, 0% used [0x00000000e0000000,0x00000000e0000000,0x00000000e3d00000)
  from space 7168K, 0% used [0x00000000e3d00000,0x00000000e3d00000,0x00000000e4400000)
  to   space 7680K, 0% used [0x00000000e8180000,0x00000000e8180000,0x00000000e8900000)
 ParOldGen       total 37376K, used 10928K [0x00000000a0000000, 0x00000000a2480000, 0x00000000e0000000)
  object space 37376K, 29% used [0x00000000a0000000,0x00000000a0aac3f0,0x00000000a2480000)
 Metaspace       used 20669K, capacity 21160K, committed 21248K, reserved 1067008K
  class space    used 2882K, capacity 3044K, committed 3072K, reserved 1048576K
}
Event: 11.363 GC heap before
{Heap before GC invocations=9 (full 1):
 PSYoungGen      total 69632K, used 62464K [0x00000000e0000000, 0x00000000e8900000, 0x0000000100000000)
  eden space 62464K, 100% used [0x00000000e0000000,0x00000000e3d00000,0x00000000e3d00000)
  from space 7168K, 0% used [0x00000000e3d00000,0x00000000e3d00000,0x00000000e4400000)
  to   space 7680K, 0% used [0x00000000e8180000,0x00000000e8180000,0x00000000e8900000)
 ParOldGen       total 37376K, used 10928K [0x00000000a0000000, 0x00000000a2480000, 0x00000000e0000000)
  object space 37376K, 29% used [0x00000000a0000000,0x00000000a0aac3f0,0x00000000a2480000)
 Metaspace       used 26592K, capacity 27042K, committed 27392K, reserved 1073152K
  class space    used 3641K, capacity 3801K, committed 3840K, reserved 1048576K
Event: 11.392 GC heap after
Heap after GC invocations=9 (full 1):
 PSYoungGen      total 107008K, used 7049K [0x00000000e0000000, 0x00000000e8880000, 0x0000000100000000)
  eden space 99840K, 0% used [0x00000000e0000000,0x00000000e0000000,0x00000000e6180000)
  from space 7168K, 98% used [0x00000000e8180000,0x00000000e8862728,0x00000000e8880000)
  to   space 8704K, 0% used [0x00000000e7780000,0x00000000e7780000,0x00000000e8000000)
 ParOldGen       total 37376K, used 10936K [0x00000000a0000000, 0x00000000a2480000, 0x00000000e0000000)
  object space 37376K, 29% used [0x00000000a0000000,0x00000000a0aae3f0,0x00000000a2480000)
 Metaspace       used 26592K, capacity 27042K, committed 27392K, reserved 1073152K
  class space    used 3641K, capacity 3801K, committed 3840K, reserved 1048576K
}
Event: 15.919 GC heap before
{Heap before GC invocations=10 (full 1):
 PSYoungGen      total 107008K, used 102885K [0x00000000e0000000, 0x00000000e8880000, 0x0000000100000000)
  eden space 99840K, 95% used [0x00000000e0000000,0x00000000e5d96fd8,0x00000000e6180000)
  from space 7168K, 98% used [0x00000000e8180000,0x00000000e8862728,0x00000000e8880000)
  to   space 8704K, 0% used [0x00000000e7780000,0x00000000e7780000,0x00000000e8000000)
 ParOldGen       total 37376K, used 10936K [0x00000000a0000000, 0x00000000a2480000, 0x00000000e0000000)
  object space 37376K, 29% used [0x00000000a0000000,0x00000000a0aae3f0,0x00000000a2480000)
 Metaspace       used 34567K, capacity 35200K, committed 35416K, reserved 1079296K
  class space    used 4789K, capacity 4988K, committed 4992K, reserved 1048576K
Event: 15.947 GC heap after
Heap after GC invocations=10 (full 1):
 PSYoungGen      total 131072K, used 8690K [0x00000000e0000000, 0x00000000e9800000, 0x0000000100000000)
  eden space 122368K, 0% used [0x00000000e0000000,0x00000000e0000000,0x00000000e7780000)
  from space 8704K, 99% used [0x00000000e7780000,0x00000000e7ffc908,0x00000000e8000000)
  to   space 11264K, 0% used [0x00000000e8d00000,0x00000000e8d00000,0x00000000e9800000)
 ParOldGen       total 37376K, used 15222K [0x00000000a0000000, 0x00000000a2480000, 0x00000000e0000000)
  object space 37376K, 40% used [0x00000000a0000000,0x00000000a0eddb60,0x00000000a2480000)
 Metaspace       used 34567K, capacity 35200K, committed 35416K, reserved 1079296K
  class space    used 4789K, capacity 4988K, committed 4992K, reserved 1048576K
}
Event: 15.947 GC heap before
{Heap before GC invocations=11 (full 2):
 PSYoungGen      total 131072K, used 8690K [0x00000000e0000000, 0x00000000e9800000, 0x0000000100000000)
  eden space 122368K, 0% used [0x00000000e0000000,0x00000000e0000000,0x00000000e7780000)
  from space 8704K, 99% used [0x00000000e7780000,0x00000000e7ffc908,0x00000000e8000000)
  to   space 11264K, 0% used [0x00000000e8d00000,0x00000000e8d00000,0x00000000e9800000)
 ParOldGen       total 37376K, used 15222K [0x00000000a0000000, 0x00000000a2480000, 0x00000000e0000000)
  object space 37376K, 40% used [0x00000000a0000000,0x00000000a0eddb60,0x00000000a2480000)
 Metaspace       used 34567K, capacity 35200K, committed 35416K, reserved 1079296K
  class space    used 4789K, capacity 4988K, committed 4992K, reserved 1048576K
Event: 16.120 GC heap after
Heap after GC invocations=11 (full 2):
 PSYoungGen      total 131072K, used 0K [0x00000000e0000000, 0x00000000e9800000, 0x0000000100000000)
  eden space 122368K, 0% used [0x00000000e0000000,0x00000000e0000000,0x00000000e7780000)
  from space 8704K, 0% used [0x00000000e7780000,0x00000000e7780000,0x00000000e8000000)
  to   space 11264K, 0% used [0x00000000e8d00000,0x00000000e8d00000,0x00000000e9800000)
 ParOldGen       total 60928K, used 19241K [0x00000000a0000000, 0x00000000a3b80000, 0x00000000e0000000)
  object space 60928K, 31% used [0x00000000a0000000,0x00000000a12ca640,0x00000000a3b80000)
 Metaspace       used 34567K, capacity 35200K, committed 35416K, reserved 1079296K
  class space    used 4789K, capacity 4988K, committed 4992K, reserved 1048576K
}

